<?xml version='1.0' encoding='UTF-8'?>
<result>
  <suites>
    <suite>
      <file>C:\Java\hudson\jobs\uimafit\workspace\uimaFIT-examples\target\surefire-reports\TEST-org.uimafit.examples.LicenseTest.xml</file>
      <name>org.uimafit.examples.LicenseTest</name>
      <duration>0.078</duration>
      <cases>
        <case>
          <duration>0.064</duration>
          <className>org.uimafit.examples.LicenseTest</className>
          <testName>testLicenseStatedInSource</testName>
          <skipped>false</skipped>
          <failedSince>0</failedSince>
        </case>
        <case>
          <duration>0.014</duration>
          <className>org.uimafit.examples.LicenseTest</className>
          <testName>testLicenseStatedInTestSource</testName>
          <skipped>false</skipped>
          <failedSince>0</failedSince>
        </case>
      </cases>
    </suite>
    <suite>
      <file>C:\Java\hudson\jobs\uimafit\workspace\uimaFIT-examples\target\surefire-reports\TEST-org.uimafit.examples.tutorial.ex1.RoomNumberAnnotator1Test.xml</file>
      <name>org.uimafit.examples.tutorial.ex1.RoomNumberAnnotator1Test</name>
      <duration>1.023</duration>
      <cases>
        <case>
          <duration>0.898</duration>
          <className>org.uimafit.examples.tutorial.ex1.RoomNumberAnnotator1Test</className>
          <testName>testRNA3</testName>
          <skipped>false</skipped>
          <failedSince>0</failedSince>
        </case>
        <case>
          <duration>0.045</duration>
          <className>org.uimafit.examples.tutorial.ex1.RoomNumberAnnotator1Test</className>
          <testName>testRNA2</testName>
          <skipped>false</skipped>
          <failedSince>0</failedSince>
        </case>
        <case>
          <duration>0.08</duration>
          <className>org.uimafit.examples.tutorial.ex1.RoomNumberAnnotator1Test</className>
          <testName>testRNA1</testName>
          <skipped>false</skipped>
          <failedSince>0</failedSince>
        </case>
      </cases>
    </suite>
    <suite>
      <file>C:\Java\hudson\jobs\uimafit\workspace\uimaFIT-examples\target\surefire-reports\TEST-org.uimafit.examples.tutorial.ex1.RoomNumberAnnotator2Test.xml</file>
      <name>org.uimafit.examples.tutorial.ex1.RoomNumberAnnotator2Test</name>
      <duration>0.0</duration>
      <cases>
        <case>
          <duration>0.0</duration>
          <className>org.uimafit.examples.tutorial.ex1.RoomNumberAnnotator2Test</className>
          <testName>testRNA1</testName>
          <skipped>false</skipped>
          <failedSince>0</failedSince>
        </case>
      </cases>
    </suite>
    <suite>
      <file>C:\Java\hudson\jobs\uimafit\workspace\uimaFIT-examples\target\surefire-reports\TEST-org.uimafit.examples.xmi.XmiTest.xml</file>
      <name>org.uimafit.examples.xmi.XmiTest</name>
      <duration>0.023</duration>
      <cases>
        <case>
          <duration>0.0</duration>
          <className>org.uimafit.examples.xmi.XmiTest</className>
          <testName>testWithoutXmi</testName>
          <skipped>false</skipped>
          <failedSince>0</failedSince>
        </case>
        <case>
          <duration>0.023</duration>
          <className>org.uimafit.examples.xmi.XmiTest</className>
          <testName>testWithXmi</testName>
          <skipped>false</skipped>
          <failedSince>0</failedSince>
        </case>
      </cases>
    </suite>
    <suite>
      <file>C:\Java\hudson\jobs\uimafit\workspace\uimaFIT-spring\target\surefire-reports\TEST-org.uimafit.spring.LicenseTest.xml</file>
      <name>org.uimafit.spring.LicenseTest</name>
      <duration>0.037</duration>
      <cases>
        <case>
          <duration>0.033</duration>
          <className>org.uimafit.spring.LicenseTest</className>
          <testName>testLicenseStatedInSource</testName>
          <skipped>false</skipped>
          <failedSince>0</failedSince>
        </case>
        <case>
          <duration>0.004</duration>
          <className>org.uimafit.spring.LicenseTest</className>
          <testName>testLicenseStatedInTestSource</testName>
          <skipped>false</skipped>
          <failedSince>0</failedSince>
        </case>
      </cases>
    </suite>
    <suite>
      <file>C:\Java\hudson\jobs\uimafit\workspace\uimaFIT-spring\target\surefire-reports\TEST-org.uimafit.spring.SpringContextResourceManagerTest.xml</file>
      <name>org.uimafit.spring.SpringContextResourceManagerTest</name>
      <duration>0.923</duration>
      <cases>
        <case>
          <duration>0.923</duration>
          <className>org.uimafit.spring.SpringContextResourceManagerTest</className>
          <testName>test</testName>
          <skipped>false</skipped>
          <failedSince>0</failedSince>
        </case>
      </cases>
    </suite>
    <suite>
      <file>C:\Java\hudson\jobs\uimafit\workspace\uimaFIT-spring\target\surefire-reports\TEST-org.uimafit.spring.UimaFactoryInjectionTest.xml</file>
      <name>org.uimafit.spring.UimaFactoryInjectionTest</name>
      <duration>0.065</duration>
      <cases>
        <case>
          <duration>0.065</duration>
          <className>org.uimafit.spring.UimaFactoryInjectionTest</className>
          <testName>test</testName>
          <skipped>false</skipped>
          <failedSince>0</failedSince>
        </case>
      </cases>
    </suite>
    <suite>
      <file>C:\Java\hudson\jobs\uimafit\workspace\uimaFIT\target\surefire-reports\TEST-DefaultPackageAETest.xml</file>
      <name>DefaultPackageAETest</name>
      <duration>0.753</duration>
      <cases>
        <case>
          <duration>0.753</duration>
          <className>DefaultPackageAETest</className>
          <testName>testPackageLessAE</testName>
          <skipped>false</skipped>
          <failedSince>0</failedSince>
        </case>
      </cases>
    </suite>
    <suite>
      <file>C:\Java\hudson\jobs\uimafit\workspace\uimaFIT\target\surefire-reports\TEST-org.uimafit.LicenseTest.xml</file>
      <name>org.uimafit.LicenseTest</name>
      <duration>0.078999996</duration>
      <cases>
        <case>
          <duration>0.026</duration>
          <className>org.uimafit.LicenseTest</className>
          <testName>testLicenseStatedInSource</testName>
          <skipped>false</skipped>
          <failedSince>0</failedSince>
        </case>
        <case>
          <duration>0.053</duration>
          <className>org.uimafit.LicenseTest</className>
          <testName>testLicenseStatedInTestSource</testName>
          <skipped>false</skipped>
          <failedSince>0</failedSince>
        </case>
      </cases>
    </suite>
    <suite>
      <file>C:\Java\hudson\jobs\uimafit\workspace\uimaFIT\target\surefire-reports\TEST-org.uimafit.component.JCasCollectionReader_ImplBaseTest.xml</file>
      <name>org.uimafit.component.JCasCollectionReader_ImplBaseTest</name>
      <duration>0.04</duration>
      <cases>
        <case>
          <duration>0.04</duration>
          <className>org.uimafit.component.JCasCollectionReader_ImplBaseTest</className>
          <testName>test</testName>
          <skipped>false</skipped>
          <failedSince>0</failedSince>
        </case>
      </cases>
    </suite>
    <suite>
      <file>C:\Java\hudson\jobs\uimafit\workspace\uimaFIT\target\surefire-reports\TEST-org.uimafit.component.ViewCreatorAnnotatorTest.xml</file>
      <name>org.uimafit.component.ViewCreatorAnnotatorTest</name>
      <duration>0.082</duration>
      <cases>
        <case>
          <duration>0.0</duration>
          <className>org.uimafit.component.ViewCreatorAnnotatorTest</className>
          <testName>testViewCreatorAnnotator</testName>
          <skipped>false</skipped>
          <failedSince>0</failedSince>
        </case>
        <case>
          <duration>0.002</duration>
          <className>org.uimafit.component.ViewCreatorAnnotatorTest</className>
          <testName>testDefaultView</testName>
          <skipped>false</skipped>
          <failedSince>0</failedSince>
        </case>
        <case>
          <duration>0.025</duration>
          <className>org.uimafit.component.ViewCreatorAnnotatorTest</className>
          <testName>testOtherViewAware</testName>
          <skipped>false</skipped>
          <failedSince>0</failedSince>
        </case>
        <case>
          <duration>0.013</duration>
          <className>org.uimafit.component.ViewCreatorAnnotatorTest</className>
          <testName>testOtherViewUnaware</testName>
          <skipped>false</skipped>
          <failedSince>0</failedSince>
        </case>
        <case>
          <duration>0.042</duration>
          <className>org.uimafit.component.ViewCreatorAnnotatorTest</className>
          <testName>testSofaInitializer</testName>
          <skipped>false</skipped>
          <failedSince>0</failedSince>
        </case>
      </cases>
    </suite>
    <suite>
      <file>C:\Java\hudson\jobs\uimafit\workspace\uimaFIT\target\surefire-reports\TEST-org.uimafit.component.ViewTextCopierAnnotatorTest.xml</file>
      <name>org.uimafit.component.ViewTextCopierAnnotatorTest</name>
      <duration>0.0</duration>
      <cases>
        <case>
          <duration>0.0</duration>
          <className>org.uimafit.component.ViewTextCopierAnnotatorTest</className>
          <testName>testViewTextCopier</testName>
          <skipped>false</skipped>
          <failedSince>0</failedSince>
        </case>
        <case>
          <duration>0.0</duration>
          <className>org.uimafit.component.ViewTextCopierAnnotatorTest</className>
          <testName>testExceptions</testName>
          <skipped>false</skipped>
          <failedSince>0</failedSince>
        </case>
      </cases>
    </suite>
    <suite>
      <file>C:\Java\hudson\jobs\uimafit\workspace\uimaFIT\target\surefire-reports\TEST-org.uimafit.component.initialize.ConfigurationParameterInitializerTest.xml</file>
      <name>org.uimafit.component.initialize.ConfigurationParameterInitializerTest</name>
      <duration>0.43499997</duration>
      <cases>
        <case>
          <duration>0.063</duration>
          <className>org.uimafit.component.initialize.ConfigurationParameterInitializerTest</className>
          <testName>testInitialize2</testName>
          <skipped>false</skipped>
          <failedSince>0</failedSince>
        </case>
        <case>
          <duration>0.009</duration>
          <className>org.uimafit.component.initialize.ConfigurationParameterInitializerTest</className>
          <testName>testInitialize3</testName>
          <skipped>false</skipped>
          <failedSince>0</failedSince>
        </case>
        <case>
          <duration>0.015</duration>
          <className>org.uimafit.component.initialize.ConfigurationParameterInitializerTest</className>
          <testName>testParameterSetToNull</testName>
          <skipped>false</skipped>
          <failedSince>0</failedSince>
        </case>
        <case>
          <duration>0.0</duration>
          <className>org.uimafit.component.initialize.ConfigurationParameterInitializerTest</className>
          <testName>testUnsetOptionalParameter</testName>
          <skipped>false</skipped>
          <failedSince>0</failedSince>
        </case>
        <case>
          <duration>0.02</duration>
          <className>org.uimafit.component.initialize.ConfigurationParameterInitializerTest</className>
          <testName>testEnumDefaultValue</testName>
          <skipped>false</skipped>
          <failedSince>0</failedSince>
        </case>
        <case>
          <duration>0.081</duration>
          <className>org.uimafit.component.initialize.ConfigurationParameterInitializerTest</className>
          <testName>testLocaleParams</testName>
          <skipped>false</skipped>
          <failedSince>0</failedSince>
        </case>
        <case>
          <duration>0.229</duration>
          <className>org.uimafit.component.initialize.ConfigurationParameterInitializerTest</className>
          <testName>testInitialize</testName>
          <skipped>false</skipped>
          <failedSince>0</failedSince>
        </case>
        <case>
          <duration>0.001</duration>
          <className>org.uimafit.component.initialize.ConfigurationParameterInitializerTest</className>
          <testName>testMandatoryParameterSetToNull</testName>
          <skipped>false</skipped>
          <failedSince>0</failedSince>
        </case>
        <case>
          <duration>0.017</duration>
          <className>org.uimafit.component.initialize.ConfigurationParameterInitializerTest</className>
          <testName>testNonUimaCompatibleParameterValue</testName>
          <skipped>false</skipped>
          <failedSince>0</failedSince>
        </case>
      </cases>
    </suite>
    <suite>
      <file>C:\Java\hudson\jobs\uimafit\workspace\uimaFIT\target\surefire-reports\TEST-org.uimafit.component.xwriter.CASDumpWriterTest.xml</file>
      <name>org.uimafit.component.xwriter.CASDumpWriterTest</name>
      <duration>0.125</duration>
      <cases>
        <case>
          <duration>0.125</duration>
          <className>org.uimafit.component.xwriter.CASDumpWriterTest</className>
          <testName>testXWriter</testName>
          <skipped>false</skipped>
          <failedSince>0</failedSince>
        </case>
      </cases>
    </suite>
    <suite>
      <file>C:\Java\hudson\jobs\uimafit\workspace\uimaFIT\target\surefire-reports\TEST-org.uimafit.component.xwriter.XWriterTest.xml</file>
      <name>org.uimafit.component.xwriter.XWriterTest</name>
      <duration>0.266</duration>
      <cases>
        <case>
          <duration>0.146</duration>
          <className>org.uimafit.component.xwriter.XWriterTest</className>
          <testName>testXWriter</testName>
          <skipped>false</skipped>
          <failedSince>0</failedSince>
        </case>
        <case>
          <duration>0.087</duration>
          <className>org.uimafit.component.xwriter.XWriterTest</className>
          <testName>testXmi</testName>
          <skipped>false</skipped>
          <failedSince>0</failedSince>
        </case>
        <case>
          <duration>0.029</duration>
          <className>org.uimafit.component.xwriter.XWriterTest</className>
          <testName>testXcas</testName>
          <skipped>false</skipped>
          <failedSince>0</failedSince>
        </case>
        <case>
          <duration>0.004</duration>
          <className>org.uimafit.component.xwriter.XWriterTest</className>
          <testName>testBadXmlSchemeName</testName>
          <skipped>false</skipped>
          <failedSince>0</failedSince>
        </case>
      </cases>
    </suite>
    <suite>
      <file>C:\Java\hudson\jobs\uimafit\workspace\uimaFIT\target\surefire-reports\TEST-org.uimafit.descriptor.TypeCapabilityTest.xml</file>
      <name>org.uimafit.descriptor.TypeCapabilityTest</name>
      <duration>0.0</duration>
      <cases>
        <case>
          <duration>0.0</duration>
          <className>org.uimafit.descriptor.TypeCapabilityTest</className>
          <testName>testTC</testName>
          <skipped>false</skipped>
          <failedSince>0</failedSince>
        </case>
      </cases>
    </suite>
    <suite>
      <file>C:\Java\hudson\jobs\uimafit\workspace\uimaFIT\target\surefire-reports\TEST-org.uimafit.factory.AggregateBuilderTest.xml</file>
      <name>org.uimafit.factory.AggregateBuilderTest</name>
      <duration>0.232</duration>
      <cases>
        <case>
          <duration>0.018</duration>
          <className>org.uimafit.factory.AggregateBuilderTest</className>
          <testName>testAggregateBuilderWithFlowController</testName>
          <skipped>false</skipped>
          <failedSince>0</failedSince>
        </case>
        <case>
          <duration>0.0</duration>
          <className>org.uimafit.factory.AggregateBuilderTest</className>
          <testName>testOddNumberOfViewNames</testName>
          <skipped>false</skipped>
          <failedSince>0</failedSince>
        </case>
        <case>
          <duration>0.001</duration>
          <className>org.uimafit.factory.AggregateBuilderTest</className>
          <testName>testDuplicateComponentNames</testName>
          <skipped>false</skipped>
          <failedSince>0</failedSince>
        </case>
        <case>
          <duration>0.016</duration>
          <className>org.uimafit.factory.AggregateBuilderTest</className>
          <testName>testAggregateBuilder2</testName>
          <skipped>false</skipped>
          <failedSince>0</failedSince>
        </case>
        <case>
          <duration>0.197</duration>
          <className>org.uimafit.factory.AggregateBuilderTest</className>
          <testName>testAggregateBuilder</testName>
          <skipped>false</skipped>
          <failedSince>0</failedSince>
        </case>
        <case>
          <duration>0.0</duration>
          <className>org.uimafit.factory.AggregateBuilderTest</className>
          <testName>testBadSofaMapping</testName>
          <skipped>false</skipped>
          <failedSince>0</failedSince>
        </case>
      </cases>
    </suite>
    <suite>
      <file>C:\Java\hudson\jobs\uimafit\workspace\uimaFIT\target\surefire-reports\TEST-org.uimafit.factory.AggregateWithReaderTest.xml</file>
      <name>org.uimafit.factory.AggregateWithReaderTest</name>
      <duration>0.0</duration>
      <cases>
        <case>
          <duration>0.0</duration>
          <className>org.uimafit.factory.AggregateWithReaderTest</className>
          <testName>demoAggregateWithReader</testName>
          <skipped>false</skipped>
          <failedSince>0</failedSince>
        </case>
        <case>
          <duration>0.0</duration>
          <className>org.uimafit.factory.AggregateWithReaderTest</className>
          <testName>demoAggregateWithDisguisedReader</testName>
          <skipped>false</skipped>
          <failedSince>0</failedSince>
        </case>
      </cases>
    </suite>
    <suite>
      <file>C:\Java\hudson\jobs\uimafit\workspace\uimaFIT\target\surefire-reports\TEST-org.uimafit.factory.AnalysisEngineFactoryExternalResourceTest.xml</file>
      <name>org.uimafit.factory.AnalysisEngineFactoryExternalResourceTest</name>
      <duration>2.9050002</duration>
      <cases>
        <case>
          <duration>0.0</duration>
          <className>org.uimafit.factory.AnalysisEngineFactoryExternalResourceTest</className>
          <testName>resource_testInjection</testName>
          <skipped>false</skipped>
          <failedSince>0</failedSince>
        </case>
        <case>
          <duration>0.103</duration>
          <className>org.uimafit.factory.AnalysisEngineFactoryExternalResourceTest</className>
          <testName>resource_testSharedInjection</testName>
          <skipped>false</skipped>
          <failedSince>0</failedSince>
        </case>
        <case>
          <duration>0.0</duration>
          <className>org.uimafit.factory.AnalysisEngineFactoryExternalResourceTest</className>
          <testName>resource_testSimpleNesting</testName>
          <skipped>false</skipped>
          <failedSince>0</failedSince>
        </case>
        <case>
          <duration>0.0</duration>
          <className>org.uimafit.factory.AnalysisEngineFactoryExternalResourceTest</className>
          <testName>resource_testDeeperNesting</testName>
          <skipped>false</skipped>
          <failedSince>0</failedSince>
        </case>
        <case>
          <duration>0.0</duration>
          <className>org.uimafit.factory.AnalysisEngineFactoryExternalResourceTest</className>
          <testName>resource_testSelfInjection</testName>
          <skipped>false</skipped>
          <failedSince>0</failedSince>
        </case>
        <case>
          <duration>2.306</duration>
          <className>org.uimafit.factory.AnalysisEngineFactoryExternalResourceTest</className>
          <testName>sharedObject_testInjection</testName>
          <skipped>false</skipped>
          <failedSince>0</failedSince>
        </case>
        <case>
          <duration>0.282</duration>
          <className>org.uimafit.factory.AnalysisEngineFactoryExternalResourceTest</className>
          <testName>resource_testSharedSimpleNesting</testName>
          <skipped>false</skipped>
          <failedSince>0</failedSince>
        </case>
        <case>
          <duration>0.012</duration>
          <className>org.uimafit.factory.AnalysisEngineFactoryExternalResourceTest</className>
          <testName>resource_testDoubleSelfInjection</testName>
          <skipped>false</skipped>
          <failedSince>0</failedSince>
        </case>
        <case>
          <duration>0.193</duration>
          <className>org.uimafit.factory.AnalysisEngineFactoryExternalResourceTest</className>
          <testName>sharedObject_testSharedInjection</testName>
          <skipped>false</skipped>
          <failedSince>0</failedSince>
        </case>
        <case>
          <duration>0.009</duration>
          <className>org.uimafit.factory.AnalysisEngineFactoryExternalResourceTest</className>
          <testName>sharedObject_testSelfInjection</testName>
          <skipped>false</skipped>
          <failedSince>0</failedSince>
        </case>
      </cases>
    </suite>
    <suite>
      <file>C:\Java\hudson\jobs\uimafit\workspace\uimaFIT\target\surefire-reports\TEST-org.uimafit.factory.AnalysisEngineFactoryTest.xml</file>
      <name>org.uimafit.factory.AnalysisEngineFactoryTest</name>
      <duration>0.22999999</duration>
      <cases>
        <case>
          <duration>0.009</duration>
          <className>org.uimafit.factory.AnalysisEngineFactoryTest</className>
          <testName>testProcess2</testName>
          <skipped>false</skipped>
          <failedSince>0</failedSince>
        </case>
        <case>
          <duration>0.011</duration>
          <className>org.uimafit.factory.AnalysisEngineFactoryTest</className>
          <testName>testProcess1</testName>
          <skipped>false</skipped>
          <failedSince>0</failedSince>
        </case>
        <case>
          <duration>0.012</duration>
          <className>org.uimafit.factory.AnalysisEngineFactoryTest</className>
          <testName>testViewAE</testName>
          <skipped>false</skipped>
          <failedSince>0</failedSince>
        </case>
        <case>
          <duration>0.006</duration>
          <className>org.uimafit.factory.AnalysisEngineFactoryTest</className>
          <testName>testIssue5a</testName>
          <skipped>false</skipped>
          <failedSince>0</failedSince>
        </case>
        <case>
          <duration>0.031</duration>
          <className>org.uimafit.factory.AnalysisEngineFactoryTest</className>
          <testName>testIssue5b</testName>
          <skipped>false</skipped>
          <failedSince>0</failedSince>
        </case>
        <case>
          <duration>0.0</duration>
          <className>org.uimafit.factory.AnalysisEngineFactoryTest</className>
          <testName>testAggregate</testName>
          <skipped>false</skipped>
          <failedSince>0</failedSince>
        </case>
        <case>
          <duration>0.0</duration>
          <className>org.uimafit.factory.AnalysisEngineFactoryTest</className>
          <testName>testAggregate2</testName>
          <skipped>false</skipped>
          <failedSince>0</failedSince>
        </case>
        <case>
          <duration>0.0</duration>
          <className>org.uimafit.factory.AnalysisEngineFactoryTest</className>
          <testName>testPrimitiveDescription</testName>
          <skipped>false</skipped>
          <failedSince>0</failedSince>
        </case>
        <case>
          <duration>0.0</duration>
          <className>org.uimafit.factory.AnalysisEngineFactoryTest</className>
          <testName>testCreateAnalysisEngineFromPath</testName>
          <skipped>false</skipped>
          <failedSince>0</failedSince>
        </case>
        <case>
          <duration>0.025</duration>
          <className>org.uimafit.factory.AnalysisEngineFactoryTest</className>
          <testName>testCreateAnalysisEngineWithPrioritizedTypes</testName>
          <skipped>false</skipped>
          <failedSince>0</failedSince>
        </case>
        <case>
          <duration>0.036</duration>
          <className>org.uimafit.factory.AnalysisEngineFactoryTest</className>
          <testName>testReflectPrimitiveDescription</testName>
          <skipped>false</skipped>
          <failedSince>0</failedSince>
        </case>
        <case>
          <duration>0.009</duration>
          <className>org.uimafit.factory.AnalysisEngineFactoryTest</className>
          <testName>testComponentAnnotationOnAncestor</testName>
          <skipped>false</skipped>
          <failedSince>0</failedSince>
        </case>
        <case>
          <duration>0.015</duration>
          <className>org.uimafit.factory.AnalysisEngineFactoryTest</className>
          <testName>testAAEMultipleDeploymentPolicyProblem</testName>
          <skipped>false</skipped>
          <failedSince>0</failedSince>
        </case>
        <case>
          <duration>0.076</duration>
          <className>org.uimafit.factory.AnalysisEngineFactoryTest</className>
          <testName>testAAEMultipleDeploymentPolicy</testName>
          <skipped>false</skipped>
          <failedSince>0</failedSince>
        </case>
      </cases>
    </suite>
    <suite>
      <file>C:\Java\hudson\jobs\uimafit\workspace\uimaFIT\target\surefire-reports\TEST-org.uimafit.factory.AnnotationFactoryTest.xml</file>
      <name>org.uimafit.factory.AnnotationFactoryTest</name>
      <duration>0.0</duration>
      <cases>
        <case>
          <duration>0.0</duration>
          <className>org.uimafit.factory.AnnotationFactoryTest</className>
          <testName>testCreateAnnotation</testName>
          <skipped>false</skipped>
          <failedSince>0</failedSince>
        </case>
      </cases>
    </suite>
    <suite>
      <file>C:\Java\hudson\jobs\uimafit\workspace\uimaFIT\target\surefire-reports\TEST-org.uimafit.factory.CollectionReaderFactoryExternalResourceTest.xml</file>
      <name>org.uimafit.factory.CollectionReaderFactoryExternalResourceTest</name>
      <duration>0.0</duration>
      <cases>
        <case>
          <duration>0.0</duration>
          <className>org.uimafit.factory.CollectionReaderFactoryExternalResourceTest</className>
          <testName>testAutoExternalResourceBinding</testName>
          <skipped>false</skipped>
          <failedSince>0</failedSince>
        </case>
      </cases>
    </suite>
    <suite>
      <file>C:\Java\hudson\jobs\uimafit\workspace\uimaFIT\target\surefire-reports\TEST-org.uimafit.factory.CollectionReaderFactoryTest.xml</file>
      <name>org.uimafit.factory.CollectionReaderFactoryTest</name>
      <duration>0.032</duration>
      <cases>
        <case>
          <duration>0.0</duration>
          <className>org.uimafit.factory.CollectionReaderFactoryTest</className>
          <testName>testExceptions</testName>
          <skipped>false</skipped>
          <failedSince>0</failedSince>
        </case>
        <case>
          <duration>0.032</duration>
          <className>org.uimafit.factory.CollectionReaderFactoryTest</className>
          <testName>testCreateCollectionReader</testName>
          <skipped>false</skipped>
          <failedSince>0</failedSince>
        </case>
      </cases>
    </suite>
    <suite>
      <file>C:\Java\hudson\jobs\uimafit\workspace\uimaFIT\target\surefire-reports\TEST-org.uimafit.factory.ConfigurationParameterFactoryTest.xml</file>
      <name>org.uimafit.factory.ConfigurationParameterFactoryTest</name>
      <duration>0.0</duration>
      <cases>
        <case>
          <duration>0.0</duration>
          <className>org.uimafit.factory.ConfigurationParameterFactoryTest</className>
          <testName>test1</testName>
          <skipped>false</skipped>
          <failedSince>0</failedSince>
        </case>
        <case>
          <duration>0.0</duration>
          <className>org.uimafit.factory.ConfigurationParameterFactoryTest</className>
          <testName>test2</testName>
          <skipped>false</skipped>
          <failedSince>0</failedSince>
        </case>
        <case>
          <duration>0.0</duration>
          <className>org.uimafit.factory.ConfigurationParameterFactoryTest</className>
          <testName>testParam1</testName>
          <skipped>false</skipped>
          <failedSince>0</failedSince>
        </case>
        <case>
          <duration>0.0</duration>
          <className>org.uimafit.factory.ConfigurationParameterFactoryTest</className>
          <testName>testParam2</testName>
          <skipped>false</skipped>
          <failedSince>0</failedSince>
        </case>
        <case>
          <duration>0.0</duration>
          <className>org.uimafit.factory.ConfigurationParameterFactoryTest</className>
          <testName>testParam3</testName>
          <skipped>false</skipped>
          <failedSince>0</failedSince>
        </case>
        <case>
          <duration>0.0</duration>
          <className>org.uimafit.factory.ConfigurationParameterFactoryTest</className>
          <testName>testParam4</testName>
          <skipped>false</skipped>
          <failedSince>0</failedSince>
        </case>
        <case>
          <duration>0.0</duration>
          <className>org.uimafit.factory.ConfigurationParameterFactoryTest</className>
          <testName>testFileList</testName>
          <skipped>false</skipped>
          <failedSince>0</failedSince>
        </case>
        <case>
          <duration>0.0</duration>
          <className>org.uimafit.factory.ConfigurationParameterFactoryTest</className>
          <testName>testStringSet</testName>
          <skipped>false</skipped>
          <failedSince>0</failedSince>
        </case>
      </cases>
    </suite>
    <suite>
      <file>C:\Java\hudson\jobs\uimafit\workspace\uimaFIT\target\surefire-reports\TEST-org.uimafit.factory.ExternalResourceConfiguratorTest.xml</file>
      <name>org.uimafit.factory.ExternalResourceConfiguratorTest</name>
      <duration>0.0</duration>
      <cases>
        <case>
          <duration>0.0</duration>
          <className>org.uimafit.factory.ExternalResourceConfiguratorTest</className>
          <testName>testAnalyze</testName>
          <skipped>false</skipped>
          <failedSince>0</failedSince>
        </case>
        <case>
          <duration>0.0</duration>
          <className>org.uimafit.factory.ExternalResourceConfiguratorTest</className>
          <testName>testDescriptor</testName>
          <skipped>false</skipped>
          <failedSince>0</failedSince>
        </case>
      </cases>
    </suite>
    <suite>
      <file>C:\Java\hudson\jobs\uimafit\workspace\uimaFIT\target\surefire-reports\TEST-org.uimafit.factory.ExternalResourceFactoryTest.xml</file>
      <name>org.uimafit.factory.ExternalResourceFactoryTest</name>
      <duration>2.469</duration>
      <cases>
        <case>
          <duration>2.28</duration>
          <className>org.uimafit.factory.ExternalResourceFactoryTest</className>
          <testName>testDirectInjection</testName>
          <skipped>false</skipped>
          <failedSince>0</failedSince>
        </case>
        <case>
          <duration>0.046</duration>
          <className>org.uimafit.factory.ExternalResourceFactoryTest</className>
          <testName>testDirectInjectionAutowire</testName>
          <skipped>false</skipped>
          <failedSince>0</failedSince>
        </case>
        <case>
          <duration>0.114</duration>
          <className>org.uimafit.factory.ExternalResourceFactoryTest</className>
          <testName>testMultiBinding</testName>
          <skipped>false</skipped>
          <failedSince>0</failedSince>
        </case>
        <case>
          <duration>0.029</duration>
          <className>org.uimafit.factory.ExternalResourceFactoryTest</className>
          <testName>testScanBind</testName>
          <skipped>false</skipped>
          <failedSince>0</failedSince>
        </case>
      </cases>
    </suite>
    <suite>
      <file>C:\Java\hudson\jobs\uimafit\workspace\uimaFIT\target\surefire-reports\TEST-org.uimafit.factory.FlowControllerFactoryExternalResourceTest.xml</file>
      <name>org.uimafit.factory.FlowControllerFactoryExternalResourceTest</name>
      <duration>0.034</duration>
      <cases>
        <case>
          <duration>0.034</duration>
          <className>org.uimafit.factory.FlowControllerFactoryExternalResourceTest</className>
          <testName>testAutoExternalResourceBinding</testName>
          <skipped>false</skipped>
          <failedSince>0</failedSince>
        </case>
      </cases>
    </suite>
    <suite>
      <file>C:\Java\hudson\jobs\uimafit\workspace\uimaFIT\target\surefire-reports\TEST-org.uimafit.factory.FsIndexFactoryTest.xml</file>
      <name>org.uimafit.factory.FsIndexFactoryTest</name>
      <duration>0.060000002</duration>
      <cases>
        <case>
          <duration>0.0</duration>
          <className>org.uimafit.factory.FsIndexFactoryTest</className>
          <testName>testCreateIndexCollection</testName>
          <skipped>false</skipped>
          <failedSince>0</failedSince>
        </case>
        <case>
          <duration>0.019</duration>
          <className>org.uimafit.factory.FsIndexFactoryTest</className>
          <testName>testIndexesWork</testName>
          <skipped>false</skipped>
          <failedSince>0</failedSince>
        </case>
        <case>
          <duration>0.041</duration>
          <className>org.uimafit.factory.FsIndexFactoryTest</className>
          <testName>testAutoDetectIndexes</testName>
          <skipped>false</skipped>
          <failedSince>0</failedSince>
        </case>
      </cases>
    </suite>
    <suite>
      <file>C:\Java\hudson\jobs\uimafit\workspace\uimaFIT\target\surefire-reports\TEST-org.uimafit.factory.JCasBuilderTest.xml</file>
      <name>org.uimafit.factory.JCasBuilderTest</name>
      <duration>0.0</duration>
      <cases>
        <case>
          <duration>0.0</duration>
          <className>org.uimafit.factory.JCasBuilderTest</className>
          <testName>test</testName>
          <skipped>false</skipped>
          <failedSince>0</failedSince>
        </case>
      </cases>
    </suite>
    <suite>
      <file>C:\Java\hudson\jobs\uimafit\workspace\uimaFIT\target\surefire-reports\TEST-org.uimafit.factory.JCasFactoryTest.xml</file>
      <name>org.uimafit.factory.JCasFactoryTest</name>
      <duration>0.055000003</duration>
      <cases>
        <case>
          <duration>0.022</duration>
          <className>org.uimafit.factory.JCasFactoryTest</className>
          <testName>testCreate</testName>
          <skipped>false</skipped>
          <failedSince>0</failedSince>
        </case>
        <case>
          <duration>0.012</duration>
          <className>org.uimafit.factory.JCasFactoryTest</className>
          <testName>testXCAS</testName>
          <skipped>false</skipped>
          <failedSince>0</failedSince>
        </case>
        <case>
          <duration>0.004</duration>
          <className>org.uimafit.factory.JCasFactoryTest</className>
          <testName>testXMI</testName>
          <skipped>false</skipped>
          <failedSince>0</failedSince>
        </case>
        <case>
          <duration>0.017</duration>
          <className>org.uimafit.factory.JCasFactoryTest</className>
          <testName>testFromPath</testName>
          <skipped>false</skipped>
          <failedSince>0</failedSince>
        </case>
      </cases>
    </suite>
    <suite>
      <file>C:\Java\hudson\jobs\uimafit\workspace\uimaFIT\target\surefire-reports\TEST-org.uimafit.factory.LoggingTest.xml</file>
      <name>org.uimafit.factory.LoggingTest</name>
      <duration>0.127</duration>
      <cases>
        <case>
          <duration>0.127</duration>
          <className>org.uimafit.factory.LoggingTest</className>
          <testName>testAllKindsOfComponents</testName>
          <skipped>false</skipped>
          <failedSince>0</failedSince>
        </case>
        <case>
          <duration>0.0</duration>
          <className>org.uimafit.factory.LoggingTest</className>
          <testName>testLogger</testName>
          <skipped>false</skipped>
          <failedSince>0</failedSince>
        </case>
      </cases>
    </suite>
    <suite>
      <file>C:\Java\hudson\jobs\uimafit\workspace\uimaFIT\target\surefire-reports\TEST-org.uimafit.factory.ResourceCreationSpecifierFactoryTest.xml</file>
      <name>org.uimafit.factory.ResourceCreationSpecifierFactoryTest</name>
      <duration>0.0</duration>
      <cases>
        <case>
          <duration>0.0</duration>
          <className>org.uimafit.factory.ResourceCreationSpecifierFactoryTest</className>
          <testName>test1</testName>
          <skipped>false</skipped>
          <failedSince>0</failedSince>
        </case>
        <case>
          <duration>0.0</duration>
          <className>org.uimafit.factory.ResourceCreationSpecifierFactoryTest</className>
          <testName>test2</testName>
          <skipped>false</skipped>
          <failedSince>0</failedSince>
        </case>
        <case>
          <duration>0.0</duration>
          <className>org.uimafit.factory.ResourceCreationSpecifierFactoryTest</className>
          <testName>test4</testName>
          <skipped>false</skipped>
          <failedSince>0</failedSince>
        </case>
        <case>
          <duration>0.0</duration>
          <className>org.uimafit.factory.ResourceCreationSpecifierFactoryTest</className>
          <testName>test3</testName>
          <skipped>false</skipped>
          <failedSince>0</failedSince>
        </case>
      </cases>
    </suite>
    <suite>
      <file>C:\Java\hudson\jobs\uimafit\workspace\uimaFIT\target\surefire-reports\TEST-org.uimafit.factory.SofaMappingFactoryTest.xml</file>
      <name>org.uimafit.factory.SofaMappingFactoryTest</name>
      <duration>0.0</duration>
      <cases>
        <case>
          <duration>0.0</duration>
          <className>org.uimafit.factory.SofaMappingFactoryTest</className>
          <testName>test</testName>
          <skipped>false</skipped>
          <failedSince>0</failedSince>
        </case>
      </cases>
    </suite>
    <suite>
      <file>C:\Java\hudson\jobs\uimafit\workspace\uimaFIT\target\surefire-reports\TEST-org.uimafit.factory.TypePrioritiesFactoryTest.xml</file>
      <name>org.uimafit.factory.TypePrioritiesFactoryTest</name>
      <duration>0.0</duration>
      <cases>
        <case>
          <duration>0.0</duration>
          <className>org.uimafit.factory.TypePrioritiesFactoryTest</className>
          <testName>testCreateTypePrioritiesClassOfQArray</testName>
          <skipped>false</skipped>
          <failedSince>0</failedSince>
        </case>
      </cases>
    </suite>
    <suite>
      <file>C:\Java\hudson\jobs\uimafit\workspace\uimaFIT\target\surefire-reports\TEST-org.uimafit.factory.TypeSystemDescriptionFactoryTest.xml</file>
      <name>org.uimafit.factory.TypeSystemDescriptionFactoryTest</name>
      <duration>0.0</duration>
      <cases>
        <case>
          <duration>0.0</duration>
          <className>org.uimafit.factory.TypeSystemDescriptionFactoryTest</className>
          <testName>testFromPath</testName>
          <skipped>false</skipped>
          <failedSince>0</failedSince>
        </case>
        <case>
          <duration>0.0</duration>
          <className>org.uimafit.factory.TypeSystemDescriptionFactoryTest</className>
          <testName>testScanning</testName>
          <skipped>false</skipped>
          <failedSince>0</failedSince>
        </case>
      </cases>
    </suite>
    <suite>
      <file>C:\Java\hudson\jobs\uimafit\workspace\uimaFIT\target\surefire-reports\TEST-org.uimafit.factory.UimaContextFactoryTest.xml</file>
      <name>org.uimafit.factory.UimaContextFactoryTest</name>
      <duration>0.0</duration>
      <cases>
        <case>
          <duration>0.0</duration>
          <className>org.uimafit.factory.UimaContextFactoryTest</className>
          <testName>test</testName>
          <skipped>false</skipped>
          <failedSince>0</failedSince>
        </case>
      </cases>
    </suite>
    <suite>
      <file>C:\Java\hudson\jobs\uimafit\workspace\uimaFIT\target\surefire-reports\TEST-org.uimafit.factory.initializable.InitializableFactoryTest.xml</file>
      <name>org.uimafit.factory.initializable.InitializableFactoryTest</name>
      <duration>0.0</duration>
      <cases>
        <case>
          <duration>0.0</duration>
          <className>org.uimafit.factory.initializable.InitializableFactoryTest</className>
          <testName>testInitializableFactory</testName>
          <skipped>false</skipped>
          <failedSince>0</failedSince>
        </case>
        <case>
          <duration>0.0</duration>
          <className>org.uimafit.factory.initializable.InitializableFactoryTest</className>
          <testName>testBadConstructor</testName>
          <skipped>false</skipped>
          <failedSince>0</failedSince>
        </case>
        <case>
          <duration>0.0</duration>
          <className>org.uimafit.factory.initializable.InitializableFactoryTest</className>
          <testName>testBadClass</testName>
          <skipped>false</skipped>
          <failedSince>0</failedSince>
        </case>
      </cases>
    </suite>
    <suite>
      <file>C:\Java\hudson\jobs\uimafit\workspace\uimaFIT\target\surefire-reports\TEST-org.uimafit.factory.testCrs.SingleFileXReaderTest.xml</file>
      <name>org.uimafit.factory.testCrs.SingleFileXReaderTest</name>
      <duration>0.0</duration>
      <cases>
        <case>
          <duration>0.0</duration>
          <className>org.uimafit.factory.testCrs.SingleFileXReaderTest</className>
          <testName>testXReader</testName>
          <skipped>false</skipped>
          <failedSince>0</failedSince>
        </case>
      </cases>
    </suite>
    <suite>
      <file>C:\Java\hudson\jobs\uimafit\workspace\uimaFIT\target\surefire-reports\TEST-org.uimafit.pipeline.CpePipelineTest.xml</file>
      <name>org.uimafit.pipeline.CpePipelineTest</name>
      <duration>0.204</duration>
      <cases>
        <case>
          <duration>0.204</duration>
          <className>org.uimafit.pipeline.CpePipelineTest</className>
          <testName>test</testName>
          <skipped>false</skipped>
          <failedSince>0</failedSince>
        </case>
      </cases>
    </suite>
    <suite>
      <file>C:\Java\hudson\jobs\uimafit\workspace\uimaFIT\target\surefire-reports\TEST-org.uimafit.pipeline.SimplePipelineTest.xml</file>
      <name>org.uimafit.pipeline.SimplePipelineTest</name>
      <duration>0.022</duration>
      <cases>
        <case>
          <duration>0.022</duration>
          <className>org.uimafit.pipeline.SimplePipelineTest</className>
          <testName>test</testName>
          <skipped>false</skipped>
          <failedSince>0</failedSince>
        </case>
      </cases>
    </suite>
    <suite>
      <file>C:\Java\hudson\jobs\uimafit\workspace\uimaFIT\target\surefire-reports\TEST-org.uimafit.testing.factory.TokenBuilderTest.xml</file>
      <name>org.uimafit.testing.factory.TokenBuilderTest</name>
      <duration>0.0</duration>
      <cases>
        <case>
          <duration>0.0</duration>
          <className>org.uimafit.testing.factory.TokenBuilderTest</className>
          <testName>test1</testName>
          <skipped>false</skipped>
          <failedSince>0</failedSince>
        </case>
        <case>
          <duration>0.0</duration>
          <className>org.uimafit.testing.factory.TokenBuilderTest</className>
          <testName>test2</testName>
          <skipped>false</skipped>
          <failedSince>0</failedSince>
        </case>
        <case>
          <duration>0.0</duration>
          <className>org.uimafit.testing.factory.TokenBuilderTest</className>
          <testName>testSpaceSplit</testName>
          <skipped>false</skipped>
          <failedSince>0</failedSince>
        </case>
        <case>
          <duration>0.0</duration>
          <className>org.uimafit.testing.factory.TokenBuilderTest</className>
          <testName>testNewlinesFromFile</testName>
          <skipped>false</skipped>
          <failedSince>0</failedSince>
        </case>
        <case>
          <duration>0.0</duration>
          <className>org.uimafit.testing.factory.TokenBuilderTest</className>
          <testName>test4</testName>
          <skipped>false</skipped>
          <failedSince>0</failedSince>
        </case>
        <case>
          <duration>0.0</duration>
          <className>org.uimafit.testing.factory.TokenBuilderTest</className>
          <testName>test3</testName>
          <skipped>false</skipped>
          <failedSince>0</failedSince>
        </case>
        <case>
          <duration>0.0</duration>
          <className>org.uimafit.testing.factory.TokenBuilderTest</className>
          <testName>testBadInput</testName>
          <skipped>false</skipped>
          <failedSince>0</failedSince>
        </case>
        <case>
          <duration>0.0</duration>
          <className>org.uimafit.testing.factory.TokenBuilderTest</className>
          <testName>testStems</testName>
          <skipped>false</skipped>
          <failedSince>0</failedSince>
        </case>
        <case>
          <duration>0.0</duration>
          <className>org.uimafit.testing.factory.TokenBuilderTest</className>
          <testName>test5</testName>
          <skipped>false</skipped>
          <failedSince>0</failedSince>
        </case>
      </cases>
    </suite>
    <suite>
      <file>C:\Java\hudson\jobs\uimafit\workspace\uimaFIT\target\surefire-reports\TEST-org.uimafit.util.CasUtilTest.xml</file>
      <name>org.uimafit.util.CasUtilTest</name>
      <duration>0.0</duration>
      <cases>
        <case>
          <duration>0.0</duration>
          <className>org.uimafit.util.CasUtilTest</className>
          <testName>testGetNonExistingType</testName>
          <skipped>false</skipped>
          <failedSince>0</failedSince>
        </case>
        <case>
          <duration>0.0</duration>
          <className>org.uimafit.util.CasUtilTest</className>
          <testName>testGetNonAnnotationType</testName>
          <skipped>false</skipped>
          <failedSince>0</failedSince>
        </case>
        <case>
          <duration>0.0</duration>
          <className>org.uimafit.util.CasUtilTest</className>
          <testName>testSelectByIndex</testName>
          <skipped>false</skipped>
          <failedSince>0</failedSince>
        </case>
        <case>
          <duration>0.0</duration>
          <className>org.uimafit.util.CasUtilTest</className>
          <testName>testSelectOnAnnotations</testName>
          <skipped>false</skipped>
          <failedSince>0</failedSince>
        </case>
        <case>
          <duration>0.0</duration>
          <className>org.uimafit.util.CasUtilTest</className>
          <testName>testSelectOnArrays</testName>
          <skipped>false</skipped>
          <failedSince>0</failedSince>
        </case>
        <case>
          <duration>0.0</duration>
          <className>org.uimafit.util.CasUtilTest</className>
          <testName>testGetType</testName>
          <skipped>false</skipped>
          <failedSince>0</failedSince>
        </case>
        <case>
          <duration>0.0</duration>
          <className>org.uimafit.util.CasUtilTest</className>
          <testName>testIterator</testName>
          <skipped>false</skipped>
          <failedSince>0</failedSince>
        </case>
        <case>
          <duration>0.0</duration>
          <className>org.uimafit.util.CasUtilTest</className>
          <testName>testIterate</testName>
          <skipped>false</skipped>
          <failedSince>0</failedSince>
        </case>
      </cases>
    </suite>
    <suite>
      <file>C:\Java\hudson\jobs\uimafit\workspace\uimaFIT\target\surefire-reports\TEST-org.uimafit.util.ContainmentIndexTest.xml</file>
      <name>org.uimafit.util.ContainmentIndexTest</name>
      <duration>0.0</duration>
      <cases>
        <case>
          <duration>0.0</duration>
          <className>org.uimafit.util.ContainmentIndexTest</className>
          <testName>test</testName>
          <skipped>false</skipped>
          <failedSince>0</failedSince>
        </case>
      </cases>
    </suite>
    <suite>
      <file>C:\Java\hudson\jobs\uimafit\workspace\uimaFIT\target\surefire-reports\TEST-org.uimafit.util.DisableLoggingTest.xml</file>
      <name>org.uimafit.util.DisableLoggingTest</name>
      <duration>0.0</duration>
      <cases>
        <case>
          <duration>0.0</duration>
          <className>org.uimafit.util.DisableLoggingTest</className>
          <testName>test</testName>
          <skipped>false</skipped>
          <failedSince>0</failedSince>
        </case>
      </cases>
    </suite>
    <suite>
      <file>C:\Java\hudson\jobs\uimafit\workspace\uimaFIT\target\surefire-reports\TEST-org.uimafit.util.FSCollectionFactoryTest.xml</file>
      <name>org.uimafit.util.FSCollectionFactoryTest</name>
      <duration>0.266</duration>
      <cases>
        <case>
          <duration>0.068</duration>
          <className>org.uimafit.util.FSCollectionFactoryTest</className>
          <testName>testCreateFSList</testName>
          <skipped>false</skipped>
          <failedSince>0</failedSince>
        </case>
        <case>
          <duration>0.0</duration>
          <className>org.uimafit.util.FSCollectionFactoryTest</className>
          <testName>testCreateFSArray</testName>
          <skipped>false</skipped>
          <failedSince>0</failedSince>
        </case>
        <case>
          <duration>0.029</duration>
          <className>org.uimafit.util.FSCollectionFactoryTest</className>
          <testName>testCreateBooleanArray</testName>
          <skipped>false</skipped>
          <failedSince>0</failedSince>
        </case>
        <case>
          <duration>0.037</duration>
          <className>org.uimafit.util.FSCollectionFactoryTest</className>
          <testName>testCreateByteArray</testName>
          <skipped>false</skipped>
          <failedSince>0</failedSince>
        </case>
        <case>
          <duration>0.0</duration>
          <className>org.uimafit.util.FSCollectionFactoryTest</className>
          <testName>testCreateDoubleArray</testName>
          <skipped>false</skipped>
          <failedSince>0</failedSince>
        </case>
        <case>
          <duration>0.012</duration>
          <className>org.uimafit.util.FSCollectionFactoryTest</className>
          <testName>testCreateFloatArray</testName>
          <skipped>false</skipped>
          <failedSince>0</failedSince>
        </case>
        <case>
          <duration>0.015</duration>
          <className>org.uimafit.util.FSCollectionFactoryTest</className>
          <testName>testCreateFloatList</testName>
          <skipped>false</skipped>
          <failedSince>0</failedSince>
        </case>
        <case>
          <duration>0.014</duration>
          <className>org.uimafit.util.FSCollectionFactoryTest</className>
          <testName>testCreateIntArray</testName>
          <skipped>false</skipped>
          <failedSince>0</failedSince>
        </case>
        <case>
          <duration>0.015</duration>
          <className>org.uimafit.util.FSCollectionFactoryTest</className>
          <testName>testCreateIntegerList</testName>
          <skipped>false</skipped>
          <failedSince>0</failedSince>
        </case>
        <case>
          <duration>0.014</duration>
          <className>org.uimafit.util.FSCollectionFactoryTest</className>
          <testName>testCreateLongArray</testName>
          <skipped>false</skipped>
          <failedSince>0</failedSince>
        </case>
        <case>
          <duration>0.025</duration>
          <className>org.uimafit.util.FSCollectionFactoryTest</className>
          <testName>testCreateShortArray</testName>
          <skipped>false</skipped>
          <failedSince>0</failedSince>
        </case>
        <case>
          <duration>0.017</duration>
          <className>org.uimafit.util.FSCollectionFactoryTest</className>
          <testName>testCreateStringArray</testName>
          <skipped>false</skipped>
          <failedSince>0</failedSince>
        </case>
        <case>
          <duration>0.02</duration>
          <className>org.uimafit.util.FSCollectionFactoryTest</className>
          <testName>testCreateStringList</testName>
          <skipped>false</skipped>
          <failedSince>0</failedSince>
        </case>
      </cases>
    </suite>
    <suite>
      <file>C:\Java\hudson\jobs\uimafit\workspace\uimaFIT\target\surefire-reports\TEST-org.uimafit.util.HideOutputTest.xml</file>
      <name>org.uimafit.util.HideOutputTest</name>
      <duration>0.0</duration>
      <cases>
        <case>
          <duration>0.0</duration>
          <className>org.uimafit.util.HideOutputTest</className>
          <testName>testHideOutput</testName>
          <skipped>false</skipped>
          <failedSince>0</failedSince>
        </case>
      </cases>
    </suite>
    <suite>
      <file>C:\Java\hudson\jobs\uimafit\workspace\uimaFIT\target\surefire-reports\TEST-org.uimafit.util.JCasIterableTest.xml</file>
      <name>org.uimafit.util.JCasIterableTest</name>
      <duration>0.0</duration>
      <cases>
        <case>
          <duration>0.0</duration>
          <className>org.uimafit.util.JCasIterableTest</className>
          <testName>testResetViews</testName>
          <skipped>false</skipped>
          <failedSince>0</failedSince>
        </case>
      </cases>
    </suite>
    <suite>
      <file>C:\Java\hudson\jobs\uimafit\workspace\uimaFIT\target\surefire-reports\TEST-org.uimafit.util.JCasUtilTest.xml</file>
      <name>org.uimafit.util.JCasUtilTest</name>
      <duration>42.720993</duration>
      <cases>
        <case>
          <duration>0.0</duration>
          <className>org.uimafit.util.JCasUtilTest</className>
          <testName>testGetNonAnnotationType</testName>
          <skipped>false</skipped>
          <failedSince>0</failedSince>
        </case>
        <case>
          <duration>0.0</duration>
          <className>org.uimafit.util.JCasUtilTest</className>
          <testName>testSelectByIndex</testName>
          <skipped>false</skipped>
          <failedSince>0</failedSince>
        </case>
        <case>
          <duration>0.0</duration>
          <className>org.uimafit.util.JCasUtilTest</className>
          <testName>testSelectOnArrays</testName>
          <skipped>false</skipped>
          <failedSince>0</failedSince>
        </case>
        <case>
          <duration>0.0</duration>
          <className>org.uimafit.util.JCasUtilTest</className>
          <testName>testSelectCoveredOverlapping</testName>
          <skipped>false</skipped>
          <failedSince>0</failedSince>
        </case>
        <case>
          <duration>0.0</duration>
          <className>org.uimafit.util.JCasUtilTest</className>
          <testName>testSelectCoveredNoOverlap</testName>
          <skipped>false</skipped>
          <failedSince>0</failedSince>
        </case>
        <case>
          <duration>42.53</duration>
          <className>org.uimafit.util.JCasUtilTest</className>
          <testName>testSelectCoverRandom</testName>
          <skipped>false</skipped>
          <failedSince>0</failedSince>
        </case>
        <case>
          <duration>0.0</duration>
          <className>org.uimafit.util.JCasUtilTest</className>
          <testName>testSelectBetweenInclusion</testName>
          <skipped>false</skipped>
          <failedSince>0</failedSince>
        </case>
        <case>
          <duration>0.091</duration>
          <className>org.uimafit.util.JCasUtilTest</className>
          <testName>testSelectBetweenRandom</testName>
          <skipped>false</skipped>
          <failedSince>0</failedSince>
        </case>
        <case>
          <duration>0.003</duration>
          <className>org.uimafit.util.JCasUtilTest</className>
          <testName>testSelectOnLists</testName>
          <skipped>false</skipped>
          <failedSince>0</failedSince>
        </case>
        <case>
          <duration>0.005</duration>
          <className>org.uimafit.util.JCasUtilTest</className>
          <testName>testSelectSingleRelative</testName>
          <skipped>false</skipped>
          <failedSince>0</failedSince>
        </case>
        <case>
          <duration>0.001</duration>
          <className>org.uimafit.util.JCasUtilTest</className>
          <testName>testSelectFollowingPreceding</testName>
          <skipped>false</skipped>
          <failedSince>0</failedSince>
        </case>
        <case>
          <duration>0.02</duration>
          <className>org.uimafit.util.JCasUtilTest</className>
          <testName>testSelectSingle</testName>
          <skipped>false</skipped>
          <failedSince>0</failedSince>
        </case>
        <case>
          <duration>0.002</duration>
          <className>org.uimafit.util.JCasUtilTest</className>
          <testName>testSelectIsCovered</testName>
          <skipped>false</skipped>
          <failedSince>0</failedSince>
        </case>
        <case>
          <duration>0.0</duration>
          <className>org.uimafit.util.JCasUtilTest</className>
          <testName>testGetInternalUimaType</testName>
          <skipped>false</skipped>
          <failedSince>0</failedSince>
        </case>
        <case>
          <duration>0.021</duration>
          <className>org.uimafit.util.JCasUtilTest</className>
          <testName>testGetNonExistingView</testName>
          <skipped>false</skipped>
          <failedSince>0</failedSince>
        </case>
        <case>
          <duration>0.002</duration>
          <className>org.uimafit.util.JCasUtilTest</className>
          <testName>testIndexCovering</testName>
          <skipped>false</skipped>
          <failedSince>0</failedSince>
        </case>
        <case>
          <duration>0.001</duration>
          <className>org.uimafit.util.JCasUtilTest</className>
          <testName>testSelectCoveringOverlapping</testName>
          <skipped>false</skipped>
          <failedSince>0</failedSince>
        </case>
        <case>
          <duration>0.001</duration>
          <className>org.uimafit.util.JCasUtilTest</className>
          <testName>testSelectFollowingPrecedingBuiltinTypes</testName>
          <skipped>false</skipped>
          <failedSince>0</failedSince>
        </case>
        <case>
          <duration>0.001</duration>
          <className>org.uimafit.util.JCasUtilTest</className>
          <testName>testSelectFollowingPrecedingDifferentTypes</testName>
          <skipped>false</skipped>
          <failedSince>0</failedSince>
        </case>
        <case>
          <duration>0.001</duration>
          <className>org.uimafit.util.JCasUtilTest</className>
          <testName>testGetType</testName>
          <skipped>false</skipped>
          <failedSince>0</failedSince>
        </case>
        <case>
          <duration>0.0</duration>
          <className>org.uimafit.util.JCasUtilTest</className>
          <testName>testIterator</testName>
          <skipped>false</skipped>
          <failedSince>0</failedSince>
        </case>
        <case>
          <duration>0.0</duration>
          <className>org.uimafit.util.JCasUtilTest</className>
          <testName>testToText</testName>
          <skipped>false</skipped>
          <failedSince>0</failedSince>
        </case>
        <case>
          <duration>0.022</duration>
          <className>org.uimafit.util.JCasUtilTest</className>
          <testName>testExists</testName>
          <skipped>false</skipped>
          <failedSince>0</failedSince>
        </case>
        <case>
          <duration>0.02</duration>
          <className>org.uimafit.util.JCasUtilTest</className>
          <testName>testGetView</testName>
          <skipped>false</skipped>
          <failedSince>0</failedSince>
        </case>
        <case>
          <duration>0.0</duration>
          <className>org.uimafit.util.JCasUtilTest</className>
          <testName>testSelectFollowingPrecedingDifferentTypesMatchingSpansReversePriorities</testName>
          <skipped>false</skipped>
          <failedSince>0</failedSince>
        </case>
      </cases>
    </suite>
    <suite>
      <file>C:\Java\hudson\jobs\uimafit\workspace\uimaFIT\target\surefire-reports\TEST-org.uimafit.util.LocaleUtilTest.xml</file>
      <name>org.uimafit.util.LocaleUtilTest</name>
      <duration>0.0</duration>
      <cases>
        <case>
          <duration>0.0</duration>
          <className>org.uimafit.util.LocaleUtilTest</className>
          <testName>testGetLocaleConstant</testName>
          <skipped>false</skipped>
          <failedSince>0</failedSince>
        </case>
        <case>
          <duration>0.0</duration>
          <className>org.uimafit.util.LocaleUtilTest</className>
          <testName>testCreateLocale</testName>
          <skipped>false</skipped>
          <failedSince>0</failedSince>
        </case>
      </cases>
    </suite>
    <suite>
      <file>C:\Java\hudson\jobs\uimafit\workspace\uimaFIT\target\surefire-reports\TEST-org.uimafit.util.SimplePipelineTest.xml</file>
      <name>org.uimafit.util.SimplePipelineTest</name>
      <duration>0.0</duration>
      <cases>
        <case>
          <duration>0.0</duration>
          <className>org.uimafit.util.SimplePipelineTest</className>
          <testName>test1</testName>
          <skipped>false</skipped>
          <failedSince>0</failedSince>
        </case>
      </cases>
    </suite>
  </suites>
  <duration>53.285995</duration>
  <keepLongStdio>false</keepLongStdio>
</result>